{"timestamp":"2025-05-31T22:20:20.47643461Z","level":"INFO","message":"Starting CacheService using Java 21.0.7 with PID 420659 (/home/kamposdiego/Git/cache-service/target/classes started by kamposdiego in /home/kamposdiego/Git/cache-service)","logger":"bhsg.com.cache.CacheService","requestId":"N/A","correlationId":"N/A","context":"default"}
{"timestamp":"2025-05-31T22:20:20.478791176Z","level":"INFO","message":"No active profile set, falling back to 1 default profile: \"default\"","logger":"bhsg.com.cache.CacheService","requestId":"N/A","correlationId":"N/A","context":"default"}
{"timestamp":"2025-05-31T22:20:20.655268344Z","level":"INFO","message":"Multiple Spring Data modules found, entering strict repository configuration mode","logger":"org.springframework.data.repository.config.RepositoryConfigurationDelegate","requestId":"N/A","correlationId":"N/A","context":"default"}
{"timestamp":"2025-05-31T22:20:20.656329489Z","level":"INFO","message":"Bootstrapping Spring Data Redis repositories in DEFAULT mode.","logger":"org.springframework.data.repository.config.RepositoryConfigurationDelegate","requestId":"N/A","correlationId":"N/A","context":"default"}
{"timestamp":"2025-05-31T22:20:20.715877654Z","level":"INFO","message":"Finished Spring Data repository scanning in 48 ms. Found 1 Redis repository interface.","logger":"org.springframework.data.repository.config.RepositoryConfigurationDelegate","requestId":"N/A","correlationId":"N/A","context":"default"}
{"timestamp":"2025-05-31T22:20:20.941720051Z","level":"INFO","message":"Detected grpc-netty-shaded: Creating ShadedNettyGrpcServerFactory","logger":"net.devh.boot.grpc.server.autoconfigure.GrpcServerFactoryAutoConfiguration","requestId":"N/A","correlationId":"N/A","context":"default"}
{"timestamp":"2025-05-31T22:20:21.04780082Z","level":"INFO","message":"Registered gRPC service: bhsg.com.cache.IdempotentService, bean: idempotentService, class: bhsg.com.cache.service.IdempotentService","logger":"net.devh.boot.grpc.server.serverfactory.AbstractGrpcServerFactory","requestId":"N/A","correlationId":"N/A","context":"default"}
{"timestamp":"2025-05-31T22:20:21.047991985Z","level":"INFO","message":"Registered gRPC service: grpc.health.v1.Health, bean: grpcHealthService, class: io.grpc.protobuf.services.HealthServiceImpl","logger":"net.devh.boot.grpc.server.serverfactory.AbstractGrpcServerFactory","requestId":"N/A","correlationId":"N/A","context":"default"}
{"timestamp":"2025-05-31T22:20:21.048039291Z","level":"INFO","message":"Registered gRPC service: grpc.reflection.v1alpha.ServerReflection, bean: protoReflectionService, class: io.grpc.protobuf.services.ProtoReflectionService","logger":"net.devh.boot.grpc.server.serverfactory.AbstractGrpcServerFactory","requestId":"N/A","correlationId":"N/A","context":"default"}
{"timestamp":"2025-05-31T22:20:21.085136266Z","level":"INFO","message":"gRPC Server started, listening on address: *, port: 9090","logger":"net.devh.boot.grpc.server.serverfactory.GrpcServerLifecycle","requestId":"N/A","correlationId":"N/A","context":"default"}
{"timestamp":"2025-05-31T22:20:21.091283862Z","level":"INFO","message":"Started CacheService in 0.892 seconds (process running for 1.012)","logger":"bhsg.com.cache.CacheService","requestId":"N/A","correlationId":"N/A","context":"default"}
{"timestamp":"2025-05-31T22:21:01.455136508Z","level":"INFO","message":"Completed gRPC server shutdown","logger":"net.devh.boot.grpc.server.serverfactory.GrpcServerLifecycle","requestId":"N/A","correlationId":"N/A","context":"default"}
{"timestamp":"2025-05-31T22:53:34.269657203Z","level":"INFO","message":"Starting CacheService using Java 21.0.7 with PID 423688 (/home/kamposdiego/Git/cache-service/target/classes started by kamposdiego in /home/kamposdiego/Git/cache-service)","logger":"bhsg.com.cache.CacheService","requestId":"N/A","correlationId":"N/A","context":"default"}
{"timestamp":"2025-05-31T22:53:34.272167193Z","level":"INFO","message":"No active profile set, falling back to 1 default profile: \"default\"","logger":"bhsg.com.cache.CacheService","requestId":"N/A","correlationId":"N/A","context":"default"}
{"timestamp":"2025-05-31T22:53:34.462997009Z","level":"INFO","message":"Multiple Spring Data modules found, entering strict repository configuration mode","logger":"org.springframework.data.repository.config.RepositoryConfigurationDelegate","requestId":"N/A","correlationId":"N/A","context":"default"}
{"timestamp":"2025-05-31T22:53:34.464010584Z","level":"INFO","message":"Bootstrapping Spring Data Redis repositories in DEFAULT mode.","logger":"org.springframework.data.repository.config.RepositoryConfigurationDelegate","requestId":"N/A","correlationId":"N/A","context":"default"}
{"timestamp":"2025-05-31T22:53:34.527618563Z","level":"INFO","message":"Finished Spring Data repository scanning in 56 ms. Found 1 Redis repository interface.","logger":"org.springframework.data.repository.config.RepositoryConfigurationDelegate","requestId":"N/A","correlationId":"N/A","context":"default"}
{"timestamp":"2025-05-31T22:53:34.900629536Z","level":"INFO","message":"Detected grpc-netty-shaded: Creating ShadedNettyGrpcServerFactory","logger":"net.devh.boot.grpc.server.autoconfigure.GrpcServerFactoryAutoConfiguration","requestId":"N/A","correlationId":"N/A","context":"default"}
{"timestamp":"2025-05-31T22:53:35.108448833Z","level":"INFO","message":"Registered gRPC service: bhsg.com.cache.IdempotentService, bean: idempotentService, class: bhsg.com.cache.service.IdempotentService","logger":"net.devh.boot.grpc.server.serverfactory.AbstractGrpcServerFactory","requestId":"N/A","correlationId":"N/A","context":"default"}
{"timestamp":"2025-05-31T22:53:35.108618213Z","level":"INFO","message":"Registered gRPC service: grpc.health.v1.Health, bean: grpcHealthService, class: io.grpc.protobuf.services.HealthServiceImpl","logger":"net.devh.boot.grpc.server.serverfactory.AbstractGrpcServerFactory","requestId":"N/A","correlationId":"N/A","context":"default"}
{"timestamp":"2025-05-31T22:53:35.108670178Z","level":"INFO","message":"Registered gRPC service: grpc.reflection.v1alpha.ServerReflection, bean: protoReflectionService, class: io.grpc.protobuf.services.ProtoReflectionService","logger":"net.devh.boot.grpc.server.serverfactory.AbstractGrpcServerFactory","requestId":"N/A","correlationId":"N/A","context":"default"}
{"timestamp":"2025-05-31T22:53:35.188813091Z","level":"INFO","message":"gRPC Server started, listening on address: *, port: 9090","logger":"net.devh.boot.grpc.server.serverfactory.GrpcServerLifecycle","requestId":"N/A","correlationId":"N/A","context":"default"}
{"timestamp":"2025-05-31T22:53:35.208183766Z","level":"INFO","message":"Started CacheService in 1.228 seconds (process running for 1.401)","logger":"bhsg.com.cache.CacheService","requestId":"N/A","correlationId":"N/A","context":"default"}
{"timestamp":"2025-05-31T22:56:14.883487724Z","level":"INFO","message":"Completed gRPC server shutdown","logger":"net.devh.boot.grpc.server.serverfactory.GrpcServerLifecycle","requestId":"N/A","correlationId":"N/A","context":"default"}
{"timestamp":"2025-05-31T23:48:08.582579695Z","level":"INFO","message":"Starting CacheService using Java 21.0.7 with PID 430539 (/home/kamposdiego/Git/cache-service/target/classes started by kamposdiego in /home/kamposdiego/Git/cache-service)","logger":"bhsg.com.cache.CacheService","requestId":"N/A","correlationId":"N/A","context":"default"}
{"timestamp":"2025-05-31T23:48:08.585053575Z","level":"INFO","message":"No active profile set, falling back to 1 default profile: \"default\"","logger":"bhsg.com.cache.CacheService","requestId":"N/A","correlationId":"N/A","context":"default"}
{"timestamp":"2025-05-31T23:48:08.740908515Z","level":"INFO","message":"Multiple Spring Data modules found, entering strict repository configuration mode","logger":"org.springframework.data.repository.config.RepositoryConfigurationDelegate","requestId":"N/A","correlationId":"N/A","context":"default"}
{"timestamp":"2025-05-31T23:48:08.741235364Z","level":"INFO","message":"Bootstrapping Spring Data Redis repositories in DEFAULT mode.","logger":"org.springframework.data.repository.config.RepositoryConfigurationDelegate","requestId":"N/A","correlationId":"N/A","context":"default"}
{"timestamp":"2025-05-31T23:48:08.750825472Z","level":"INFO","message":"Finished Spring Data repository scanning in 2 ms. Found 0 Redis repository interfaces.","logger":"org.springframework.data.repository.config.RepositoryConfigurationDelegate","requestId":"N/A","correlationId":"N/A","context":"default"}
{"timestamp":"2025-05-31T23:48:08.795745702Z","level":"INFO","message":"Multiple Spring Data modules found, entering strict repository configuration mode","logger":"org.springframework.data.repository.config.RepositoryConfigurationDelegate","requestId":"N/A","correlationId":"N/A","context":"default"}
{"timestamp":"2025-05-31T23:48:08.795897542Z","level":"INFO","message":"Bootstrapping Spring Data Redis repositories in DEFAULT mode.","logger":"org.springframework.data.repository.config.RepositoryConfigurationDelegate","requestId":"N/A","correlationId":"N/A","context":"default"}
{"timestamp":"2025-05-31T23:48:08.848095237Z","level":"INFO","message":"Finished Spring Data repository scanning in 51 ms. Found 1 Redis repository interface.","logger":"org.springframework.data.repository.config.RepositoryConfigurationDelegate","requestId":"N/A","correlationId":"N/A","context":"default"}
{"timestamp":"2025-05-31T23:48:09.229005531Z","level":"INFO","message":"Detected grpc-netty-shaded: Creating ShadedNettyGrpcServerFactory","logger":"net.devh.boot.grpc.server.autoconfigure.GrpcServerFactoryAutoConfiguration","requestId":"N/A","correlationId":"N/A","context":"default"}
{"timestamp":"2025-05-31T23:48:09.451342023Z","level":"INFO","message":"Registered gRPC service: bhsg.com.cache.IdempotentService, bean: idempotentService, class: bhsg.com.cache.service.IdempotentService","logger":"net.devh.boot.grpc.server.serverfactory.AbstractGrpcServerFactory","requestId":"N/A","correlationId":"N/A","context":"default"}
{"timestamp":"2025-05-31T23:48:09.451500149Z","level":"INFO","message":"Registered gRPC service: grpc.health.v1.Health, bean: grpcHealthService, class: io.grpc.protobuf.services.HealthServiceImpl","logger":"net.devh.boot.grpc.server.serverfactory.AbstractGrpcServerFactory","requestId":"N/A","correlationId":"N/A","context":"default"}
{"timestamp":"2025-05-31T23:48:09.451553293Z","level":"INFO","message":"Registered gRPC service: grpc.reflection.v1alpha.ServerReflection, bean: protoReflectionService, class: io.grpc.protobuf.services.ProtoReflectionService","logger":"net.devh.boot.grpc.server.serverfactory.AbstractGrpcServerFactory","requestId":"N/A","correlationId":"N/A","context":"default"}
{"timestamp":"2025-05-31T23:48:09.538080621Z","level":"INFO","message":"gRPC Server started, listening on address: *, port: 9090","logger":"net.devh.boot.grpc.server.serverfactory.GrpcServerLifecycle","requestId":"N/A","correlationId":"N/A","context":"default"}
{"timestamp":"2025-05-31T23:48:09.553981065Z","level":"INFO","message":"Started CacheService in 1.264 seconds (process running for 1.444)","logger":"bhsg.com.cache.CacheService","requestId":"N/A","correlationId":"N/A","context":"default"}
{"timestamp":"2025-06-01T00:38:49.940441618Z","level":"INFO","message":"Completed gRPC server shutdown","logger":"net.devh.boot.grpc.server.serverfactory.GrpcServerLifecycle","requestId":"N/A","correlationId":"N/A","context":"default"}
{"timestamp":"2025-06-01T00:38:52.099425173Z","level":"INFO","message":"Starting CacheService using Java 21.0.7 with PID 440218 (/home/kamposdiego/Git/cache-service/target/classes started by kamposdiego in /home/kamposdiego/Git/cache-service)","logger":"bhsg.com.cache.CacheService","requestId":"N/A","correlationId":"N/A","context":"default"}
{"timestamp":"2025-06-01T00:38:52.101876012Z","level":"INFO","message":"No active profile set, falling back to 1 default profile: \"default\"","logger":"bhsg.com.cache.CacheService","requestId":"N/A","correlationId":"N/A","context":"default"}
{"timestamp":"2025-06-01T00:38:52.253206329Z","level":"INFO","message":"Multiple Spring Data modules found, entering strict repository configuration mode","logger":"org.springframework.data.repository.config.RepositoryConfigurationDelegate","requestId":"N/A","correlationId":"N/A","context":"default"}
{"timestamp":"2025-06-01T00:38:52.253547521Z","level":"INFO","message":"Bootstrapping Spring Data Redis repositories in DEFAULT mode.","logger":"org.springframework.data.repository.config.RepositoryConfigurationDelegate","requestId":"N/A","correlationId":"N/A","context":"default"}
{"timestamp":"2025-06-01T00:38:52.263417448Z","level":"INFO","message":"Finished Spring Data repository scanning in 2 ms. Found 0 Redis repository interfaces.","logger":"org.springframework.data.repository.config.RepositoryConfigurationDelegate","requestId":"N/A","correlationId":"N/A","context":"default"}
{"timestamp":"2025-06-01T00:38:52.317878158Z","level":"INFO","message":"Multiple Spring Data modules found, entering strict repository configuration mode","logger":"org.springframework.data.repository.config.RepositoryConfigurationDelegate","requestId":"N/A","correlationId":"N/A","context":"default"}
{"timestamp":"2025-06-01T00:38:52.318031658Z","level":"INFO","message":"Bootstrapping Spring Data Redis repositories in DEFAULT mode.","logger":"org.springframework.data.repository.config.RepositoryConfigurationDelegate","requestId":"N/A","correlationId":"N/A","context":"default"}
{"timestamp":"2025-06-01T00:38:52.368518982Z","level":"INFO","message":"Finished Spring Data repository scanning in 49 ms. Found 1 Redis repository interface.","logger":"org.springframework.data.repository.config.RepositoryConfigurationDelegate","requestId":"N/A","correlationId":"N/A","context":"default"}
{"timestamp":"2025-06-01T00:38:52.62458673Z","level":"INFO","message":"Detected grpc-netty-shaded: Creating ShadedNettyGrpcServerFactory","logger":"net.devh.boot.grpc.server.autoconfigure.GrpcServerFactoryAutoConfiguration","requestId":"N/A","correlationId":"N/A","context":"default"}
{"timestamp":"2025-06-01T00:38:52.726140902Z","level":"INFO","message":"Registered gRPC service: bhsg.com.cache.IdempotentService, bean: idempotentService, class: bhsg.com.cache.service.IdempotentService","logger":"net.devh.boot.grpc.server.serverfactory.AbstractGrpcServerFactory","requestId":"N/A","correlationId":"N/A","context":"default"}
{"timestamp":"2025-06-01T00:38:52.726298821Z","level":"INFO","message":"Registered gRPC service: grpc.health.v1.Health, bean: grpcHealthService, class: io.grpc.protobuf.services.HealthServiceImpl","logger":"net.devh.boot.grpc.server.serverfactory.AbstractGrpcServerFactory","requestId":"N/A","correlationId":"N/A","context":"default"}
{"timestamp":"2025-06-01T00:38:52.726349577Z","level":"INFO","message":"Registered gRPC service: grpc.reflection.v1alpha.ServerReflection, bean: protoReflectionService, class: io.grpc.protobuf.services.ProtoReflectionService","logger":"net.devh.boot.grpc.server.serverfactory.AbstractGrpcServerFactory","requestId":"N/A","correlationId":"N/A","context":"default"}
{"timestamp":"2025-06-01T00:38:52.770850052Z","level":"INFO","message":"gRPC Server started, listening on address: *, port: 9090","logger":"net.devh.boot.grpc.server.serverfactory.GrpcServerLifecycle","requestId":"N/A","correlationId":"N/A","context":"default"}
{"timestamp":"2025-06-01T00:38:52.77799498Z","level":"INFO","message":"Started CacheService in 0.968 seconds (process running for 1.139)","logger":"bhsg.com.cache.CacheService","requestId":"N/A","correlationId":"N/A","context":"default"}
{"timestamp":"2025-06-01T00:39:47.319021441Z","level":"INFO","message":"Completed gRPC server shutdown","logger":"net.devh.boot.grpc.server.serverfactory.GrpcServerLifecycle","requestId":"N/A","correlationId":"N/A","context":"default"}
{"timestamp":"2025-06-01T00:39:55.331940656Z","level":"INFO","message":"Starting CacheService using Java 21.0.7 with PID 440606 (/home/kamposdiego/Git/cache-service/target/classes started by kamposdiego in /home/kamposdiego/Git/cache-service)","logger":"bhsg.com.cache.CacheService","requestId":"N/A","correlationId":"N/A","context":"default"}
{"timestamp":"2025-06-01T00:39:55.334450288Z","level":"INFO","message":"No active profile set, falling back to 1 default profile: \"default\"","logger":"bhsg.com.cache.CacheService","requestId":"N/A","correlationId":"N/A","context":"default"}
{"timestamp":"2025-06-01T00:39:55.49006168Z","level":"INFO","message":"Multiple Spring Data modules found, entering strict repository configuration mode","logger":"org.springframework.data.repository.config.RepositoryConfigurationDelegate","requestId":"N/A","correlationId":"N/A","context":"default"}
{"timestamp":"2025-06-01T00:39:55.490375943Z","level":"INFO","message":"Bootstrapping Spring Data Redis repositories in DEFAULT mode.","logger":"org.springframework.data.repository.config.RepositoryConfigurationDelegate","requestId":"N/A","correlationId":"N/A","context":"default"}
{"timestamp":"2025-06-01T00:39:55.499898911Z","level":"INFO","message":"Finished Spring Data repository scanning in 2 ms. Found 0 Redis repository interfaces.","logger":"org.springframework.data.repository.config.RepositoryConfigurationDelegate","requestId":"N/A","correlationId":"N/A","context":"default"}
{"timestamp":"2025-06-01T00:39:55.543836454Z","level":"INFO","message":"Multiple Spring Data modules found, entering strict repository configuration mode","logger":"org.springframework.data.repository.config.RepositoryConfigurationDelegate","requestId":"N/A","correlationId":"N/A","context":"default"}
{"timestamp":"2025-06-01T00:39:55.543985018Z","level":"INFO","message":"Bootstrapping Spring Data Redis repositories in DEFAULT mode.","logger":"org.springframework.data.repository.config.RepositoryConfigurationDelegate","requestId":"N/A","correlationId":"N/A","context":"default"}
{"timestamp":"2025-06-01T00:39:55.59544428Z","level":"INFO","message":"Finished Spring Data repository scanning in 50 ms. Found 1 Redis repository interface.","logger":"org.springframework.data.repository.config.RepositoryConfigurationDelegate","requestId":"N/A","correlationId":"N/A","context":"default"}
{"timestamp":"2025-06-01T00:39:55.863939316Z","level":"INFO","message":"Detected grpc-netty-shaded: Creating ShadedNettyGrpcServerFactory","logger":"net.devh.boot.grpc.server.autoconfigure.GrpcServerFactoryAutoConfiguration","requestId":"N/A","correlationId":"N/A","context":"default"}
{"timestamp":"2025-06-01T00:39:55.969721102Z","level":"INFO","message":"Registered gRPC service: bhsg.com.cache.IdempotentService, bean: idempotentService, class: bhsg.com.cache.service.IdempotentService","logger":"net.devh.boot.grpc.server.serverfactory.AbstractGrpcServerFactory","requestId":"N/A","correlationId":"N/A","context":"default"}
{"timestamp":"2025-06-01T00:39:55.969878907Z","level":"INFO","message":"Registered gRPC service: grpc.health.v1.Health, bean: grpcHealthService, class: io.grpc.protobuf.services.HealthServiceImpl","logger":"net.devh.boot.grpc.server.serverfactory.AbstractGrpcServerFactory","requestId":"N/A","correlationId":"N/A","context":"default"}
{"timestamp":"2025-06-01T00:39:55.969926296Z","level":"INFO","message":"Registered gRPC service: grpc.reflection.v1alpha.ServerReflection, bean: protoReflectionService, class: io.grpc.protobuf.services.ProtoReflectionService","logger":"net.devh.boot.grpc.server.serverfactory.AbstractGrpcServerFactory","requestId":"N/A","correlationId":"N/A","context":"default"}
{"timestamp":"2025-06-01T00:39:56.017970323Z","level":"INFO","message":"gRPC Server started, listening on address: *, port: 9090","logger":"net.devh.boot.grpc.server.serverfactory.GrpcServerLifecycle","requestId":"N/A","correlationId":"N/A","context":"default"}
{"timestamp":"2025-06-01T00:39:56.024895977Z","level":"INFO","message":"Started CacheService in 1.008 seconds (process running for 1.166)","logger":"bhsg.com.cache.CacheService","requestId":"N/A","correlationId":"N/A","context":"default"}
{"timestamp":"2025-06-01T00:49:16.671973201Z","level":"INFO","message":"Completed gRPC server shutdown","logger":"net.devh.boot.grpc.server.serverfactory.GrpcServerLifecycle","requestId":"N/A","correlationId":"N/A","context":"default"}
{"timestamp":"2025-06-01T00:49:29.582554573Z","level":"INFO","message":"Starting CacheService using Java 21.0.7 with PID 442124 (/home/kamposdiego/Git/cache-service/target/classes started by kamposdiego in /home/kamposdiego/Git/cache-service)","logger":"bhsg.com.cache.CacheService","requestId":"N/A","correlationId":"N/A","context":"default"}
{"timestamp":"2025-06-01T00:49:29.585110196Z","level":"INFO","message":"No active profile set, falling back to 1 default profile: \"default\"","logger":"bhsg.com.cache.CacheService","requestId":"N/A","correlationId":"N/A","context":"default"}
{"timestamp":"2025-06-01T00:49:29.744629393Z","level":"INFO","message":"Multiple Spring Data modules found, entering strict repository configuration mode","logger":"org.springframework.data.repository.config.RepositoryConfigurationDelegate","requestId":"N/A","correlationId":"N/A","context":"default"}
{"timestamp":"2025-06-01T00:49:29.744904436Z","level":"INFO","message":"Bootstrapping Spring Data Redis repositories in DEFAULT mode.","logger":"org.springframework.data.repository.config.RepositoryConfigurationDelegate","requestId":"N/A","correlationId":"N/A","context":"default"}
{"timestamp":"2025-06-01T00:49:29.754102495Z","level":"INFO","message":"Finished Spring Data repository scanning in 2 ms. Found 0 Redis repository interfaces.","logger":"org.springframework.data.repository.config.RepositoryConfigurationDelegate","requestId":"N/A","correlationId":"N/A","context":"default"}
{"timestamp":"2025-06-01T00:49:29.795593138Z","level":"INFO","message":"Multiple Spring Data modules found, entering strict repository configuration mode","logger":"org.springframework.data.repository.config.RepositoryConfigurationDelegate","requestId":"N/A","correlationId":"N/A","context":"default"}
{"timestamp":"2025-06-01T00:49:29.795750131Z","level":"INFO","message":"Bootstrapping Spring Data Redis repositories in DEFAULT mode.","logger":"org.springframework.data.repository.config.RepositoryConfigurationDelegate","requestId":"N/A","correlationId":"N/A","context":"default"}
{"timestamp":"2025-06-01T00:49:29.847025221Z","level":"INFO","message":"Finished Spring Data repository scanning in 50 ms. Found 1 Redis repository interface.","logger":"org.springframework.data.repository.config.RepositoryConfigurationDelegate","requestId":"N/A","correlationId":"N/A","context":"default"}
{"timestamp":"2025-06-01T00:49:30.111701425Z","level":"INFO","message":"Detected grpc-netty-shaded: Creating ShadedNettyGrpcServerFactory","logger":"net.devh.boot.grpc.server.autoconfigure.GrpcServerFactoryAutoConfiguration","requestId":"N/A","correlationId":"N/A","context":"default"}
{"timestamp":"2025-06-01T00:49:30.221388014Z","level":"INFO","message":"Registered gRPC service: bhsg.com.cache.IdempotentService, bean: idempotentService, class: bhsg.com.cache.service.IdempotentService","logger":"net.devh.boot.grpc.server.serverfactory.AbstractGrpcServerFactory","requestId":"N/A","correlationId":"N/A","context":"default"}
{"timestamp":"2025-06-01T00:49:30.221550391Z","level":"INFO","message":"Registered gRPC service: grpc.health.v1.Health, bean: grpcHealthService, class: io.grpc.protobuf.services.HealthServiceImpl","logger":"net.devh.boot.grpc.server.serverfactory.AbstractGrpcServerFactory","requestId":"N/A","correlationId":"N/A","context":"default"}
{"timestamp":"2025-06-01T00:49:30.22159836Z","level":"INFO","message":"Registered gRPC service: grpc.reflection.v1alpha.ServerReflection, bean: protoReflectionService, class: io.grpc.protobuf.services.ProtoReflectionService","logger":"net.devh.boot.grpc.server.serverfactory.AbstractGrpcServerFactory","requestId":"N/A","correlationId":"N/A","context":"default"}
{"timestamp":"2025-06-01T00:49:30.266311195Z","level":"INFO","message":"gRPC Server started, listening on address: *, port: 9090","logger":"net.devh.boot.grpc.server.serverfactory.GrpcServerLifecycle","requestId":"N/A","correlationId":"N/A","context":"default"}
{"timestamp":"2025-06-01T00:49:30.273026663Z","level":"INFO","message":"Started CacheService in 0.986 seconds (process running for 1.148)","logger":"bhsg.com.cache.CacheService","requestId":"N/A","correlationId":"N/A","context":"default"}
{"timestamp":"2025-06-01T00:50:38.390037112Z","level":"INFO","message":"Completed gRPC server shutdown","logger":"net.devh.boot.grpc.server.serverfactory.GrpcServerLifecycle","requestId":"N/A","correlationId":"N/A","context":"default"}
{"timestamp":"2025-06-01T01:00:18.131694743Z","level":"INFO","message":"Starting CacheService using Java 21.0.7 with PID 444296 (/home/kamposdiego/Git/cache-service/target/classes started by kamposdiego in /home/kamposdiego/Git/cache-service)","logger":"bhsg.com.cache.CacheService","requestId":"N/A","correlationId":"N/A","context":"default"}
{"timestamp":"2025-06-01T01:00:18.134211531Z","level":"INFO","message":"No active profile set, falling back to 1 default profile: \"default\"","logger":"bhsg.com.cache.CacheService","requestId":"N/A","correlationId":"N/A","context":"default"}
{"timestamp":"2025-06-01T01:00:18.314362483Z","level":"INFO","message":"Multiple Spring Data modules found, entering strict repository configuration mode","logger":"org.springframework.data.repository.config.RepositoryConfigurationDelegate","requestId":"N/A","correlationId":"N/A","context":"default"}
{"timestamp":"2025-06-01T01:00:18.314656432Z","level":"INFO","message":"Bootstrapping Spring Data Redis repositories in DEFAULT mode.","logger":"org.springframework.data.repository.config.RepositoryConfigurationDelegate","requestId":"N/A","correlationId":"N/A","context":"default"}
{"timestamp":"2025-06-01T01:00:18.323930957Z","level":"INFO","message":"Finished Spring Data repository scanning in 2 ms. Found 0 Redis repository interfaces.","logger":"org.springframework.data.repository.config.RepositoryConfigurationDelegate","requestId":"N/A","correlationId":"N/A","context":"default"}
{"timestamp":"2025-06-01T01:00:18.367292023Z","level":"INFO","message":"Multiple Spring Data modules found, entering strict repository configuration mode","logger":"org.springframework.data.repository.config.RepositoryConfigurationDelegate","requestId":"N/A","correlationId":"N/A","context":"default"}
{"timestamp":"2025-06-01T01:00:18.367452652Z","level":"INFO","message":"Bootstrapping Spring Data Redis repositories in DEFAULT mode.","logger":"org.springframework.data.repository.config.RepositoryConfigurationDelegate","requestId":"N/A","correlationId":"N/A","context":"default"}
{"timestamp":"2025-06-01T01:00:18.420278238Z","level":"INFO","message":"Finished Spring Data repository scanning in 52 ms. Found 1 Redis repository interface.","logger":"org.springframework.data.repository.config.RepositoryConfigurationDelegate","requestId":"N/A","correlationId":"N/A","context":"default"}
{"timestamp":"2025-06-01T01:00:18.688413284Z","level":"INFO","message":"Detected grpc-netty-shaded: Creating ShadedNettyGrpcServerFactory","logger":"net.devh.boot.grpc.server.autoconfigure.GrpcServerFactoryAutoConfiguration","requestId":"N/A","correlationId":"N/A","context":"default"}
{"timestamp":"2025-06-01T01:00:18.793239762Z","level":"INFO","message":"Registered gRPC service: bhsg.com.cache.IdempotentService, bean: idempotentService, class: bhsg.com.cache.service.IdempotentService","logger":"net.devh.boot.grpc.server.serverfactory.AbstractGrpcServerFactory","requestId":"N/A","correlationId":"N/A","context":"default"}
{"timestamp":"2025-06-01T01:00:18.793395262Z","level":"INFO","message":"Registered gRPC service: grpc.health.v1.Health, bean: grpcHealthService, class: io.grpc.protobuf.services.HealthServiceImpl","logger":"net.devh.boot.grpc.server.serverfactory.AbstractGrpcServerFactory","requestId":"N/A","correlationId":"N/A","context":"default"}
{"timestamp":"2025-06-01T01:00:18.793443499Z","level":"INFO","message":"Registered gRPC service: grpc.reflection.v1alpha.ServerReflection, bean: protoReflectionService, class: io.grpc.protobuf.services.ProtoReflectionService","logger":"net.devh.boot.grpc.server.serverfactory.AbstractGrpcServerFactory","requestId":"N/A","correlationId":"N/A","context":"default"}
{"timestamp":"2025-06-01T01:00:18.841356836Z","level":"INFO","message":"gRPC Server started, listening on address: *, port: 9090","logger":"net.devh.boot.grpc.server.serverfactory.GrpcServerLifecycle","requestId":"N/A","correlationId":"N/A","context":"default"}
{"timestamp":"2025-06-01T01:00:18.84807837Z","level":"INFO","message":"Started CacheService in 1.021 seconds (process running for 1.168)","logger":"bhsg.com.cache.CacheService","requestId":"N/A","correlationId":"N/A","context":"default"}
